<?xml version="1.0" encoding="UTF-8"?>
<testng-results skipped="0" failed="3" total="3" passed="0">
  <reporter-output>
  </reporter-output>
  <suite name="Default suite" duration-ms="2728" started-at="2014-05-29T21:58:14Z" finished-at="2014-05-29T21:58:16Z">
    <groups>
      <group name="remote-integration">
        <method signature="TutorialWebServiceTest.basicTest()[pri:0, instance:com.example.tutorial.ws.integration.TutorialWebServiceTest@13d73f3]" name="basicTest" class="com.example.tutorial.ws.integration.TutorialWebServiceTest"/>
        <method signature="TutorialWebServiceTest.requiredHeaderMissingTest()[pri:0, instance:com.example.tutorial.ws.integration.TutorialWebServiceTest@13d73f3]" name="requiredHeaderMissingTest" class="com.example.tutorial.ws.integration.TutorialWebServiceTest"/>
        <method signature="TutorialWebServiceTest.systemUnavailableTest()[pri:0, instance:com.example.tutorial.ws.integration.TutorialWebServiceTest@13d73f3]" name="systemUnavailableTest" class="com.example.tutorial.ws.integration.TutorialWebServiceTest"/>
      </group> <!-- remote-integration -->
    </groups>
    <test name="Default test" duration-ms="2728" started-at="2014-05-29T21:58:14Z" finished-at="2014-05-29T21:58:16Z">
      <class name="com.example.tutorial.ws.integration.TutorialWebServiceTest">
        <test-method status="PASS" signature="springTestContextBeforeTestClass()[pri:0, instance:com.example.tutorial.ws.integration.TutorialWebServiceTest@13d73f3]" name="springTestContextBeforeTestClass" is-config="true" duration-ms="5" started-at="2014-05-29T16:58:14Z" finished-at="2014-05-29T16:58:14Z">
          <reporter-output>
          </reporter-output>
        </test-method> <!-- springTestContextBeforeTestClass -->
        <test-method status="PASS" signature="springTestContextPrepareTestInstance()[pri:0, instance:com.example.tutorial.ws.integration.TutorialWebServiceTest@13d73f3]" name="springTestContextPrepareTestInstance" is-config="true" duration-ms="952" started-at="2014-05-29T16:58:14Z" depends-on-methods="org.springframework.test.context.testng.AbstractTestNGSpringContextTests.springTestContextBeforeTestClass" finished-at="2014-05-29T16:58:14Z">
          <reporter-output>
          </reporter-output>
        </test-method> <!-- springTestContextPrepareTestInstance -->
        <test-method status="PASS" signature="springTestContextBeforeTestMethod(java.lang.reflect.Method)[pri:0, instance:com.example.tutorial.ws.integration.TutorialWebServiceTest@13d73f3]" name="springTestContextBeforeTestMethod" is-config="true" duration-ms="1" started-at="2014-05-29T16:58:14Z" finished-at="2014-05-29T16:58:14Z">
          <params>
            <param index="0">
              <value>
                <![CDATA[public void com.example.tutorial.ws.integration.TutorialWebServiceTest.basicTest() throws java.net.URISyntaxException,org.wtf.interoperability.ws.vo.RequiredHeaderMissingFault,org.wtf.interoperability.ws.vo.SystemUnavailableFault]]>
              </value>
            </param>
          </params>
          <reporter-output>
          </reporter-output>
        </test-method> <!-- springTestContextBeforeTestMethod -->
        <test-method status="FAIL" signature="basicTest()[pri:0, instance:com.example.tutorial.ws.integration.TutorialWebServiceTest@13d73f3]" name="basicTest" duration-ms="1639" started-at="2014-05-29T16:58:14Z" finished-at="2014-05-29T16:58:16Z">
          <exception class="javax.xml.ws.soap.SOAPFaultException">
            <message>
              <![CDATA[The signature or decryption was invalid]]>
            </message>
            <full-stacktrace>
              <![CDATA[javax.xml.ws.soap.SOAPFaultException: The signature or decryption was invalid
	at org.apache.cxf.jaxws.JaxWsClientProxy.invoke(JaxWsClientProxy.java:157)
	at com.sun.proxy.$Proxy39.sendTutorialMessage(Unknown Source)
	at com.example.tutorial.ws.integration.TutorialWebServiceTest.basicTest(TutorialWebServiceTest.java:64)
	at sun.reflect.NativeMethodAccessorImpl.invoke0(Native Method)
	at sun.reflect.NativeMethodAccessorImpl.invoke(NativeMethodAccessorImpl.java:57)
	at sun.reflect.DelegatingMethodAccessorImpl.invoke(DelegatingMethodAccessorImpl.java:43)
	at java.lang.reflect.Method.invoke(Method.java:606)
	at org.testng.internal.MethodInvocationHelper.invokeMethod(MethodInvocationHelper.java:84)
	at org.testng.internal.MethodInvocationHelper$1.runTestMethod(MethodInvocationHelper.java:200)
	at org.springframework.test.context.testng.AbstractTestNGSpringContextTests.run(AbstractTestNGSpringContextTests.java:155)
	at sun.reflect.NativeMethodAccessorImpl.invoke0(Native Method)
	at sun.reflect.NativeMethodAccessorImpl.invoke(NativeMethodAccessorImpl.java:57)
	at sun.reflect.DelegatingMethodAccessorImpl.invoke(DelegatingMethodAccessorImpl.java:43)
	at java.lang.reflect.Method.invoke(Method.java:606)
	at org.testng.internal.MethodInvocationHelper.invokeHookable(MethodInvocationHelper.java:212)
	at org.testng.internal.Invoker.invokeMethod(Invoker.java:707)
	at org.testng.internal.Invoker.invokeTestMethod(Invoker.java:901)
	at org.testng.internal.Invoker.invokeTestMethods(Invoker.java:1231)
	at org.testng.internal.TestMethodWorker.invokeTestMethods(TestMethodWorker.java:127)
	at org.testng.internal.TestMethodWorker.run(TestMethodWorker.java:111)
	at org.testng.TestRunner.privateRun(TestRunner.java:767)
	at org.testng.TestRunner.run(TestRunner.java:617)
	at org.testng.SuiteRunner.runTest(SuiteRunner.java:334)
	at org.testng.SuiteRunner.runSequentially(SuiteRunner.java:329)
	at org.testng.SuiteRunner.privateRun(SuiteRunner.java:291)
	at org.testng.SuiteRunner.run(SuiteRunner.java:240)
	at org.testng.SuiteRunnerWorker.runSuite(SuiteRunnerWorker.java:52)
	at org.testng.SuiteRunnerWorker.run(SuiteRunnerWorker.java:86)
	at org.testng.TestNG.runSuitesSequentially(TestNG.java:1224)
	at org.testng.TestNG.runSuitesLocally(TestNG.java:1149)
	at org.testng.TestNG.run(TestNG.java:1057)
	at org.testng.remote.RemoteTestNG.run(RemoteTestNG.java:111)
	at org.testng.remote.RemoteTestNG.initAndRun(RemoteTestNG.java:204)
	at org.testng.remote.RemoteTestNG.main(RemoteTestNG.java:175)
Caused by: org.apache.cxf.binding.soap.SoapFault: The signature or decryption was invalid
	at org.apache.cxf.binding.soap.interceptor.Soap11FaultInInterceptor.unmarshalFault(Soap11FaultInInterceptor.java:84)
	at org.apache.cxf.binding.soap.interceptor.Soap11FaultInInterceptor.handleMessage(Soap11FaultInInterceptor.java:51)
	at org.apache.cxf.binding.soap.interceptor.Soap11FaultInInterceptor.handleMessage(Soap11FaultInInterceptor.java:40)
	at org.apache.cxf.phase.PhaseInterceptorChain.doIntercept(PhaseInterceptorChain.java:272)
	at org.apache.cxf.interceptor.AbstractFaultChainInitiatorObserver.onMessage(AbstractFaultChainInitiatorObserver.java:113)
	at org.apache.cxf.binding.soap.interceptor.CheckFaultInterceptor.handleMessage(CheckFaultInterceptor.java:69)
	at org.apache.cxf.binding.soap.interceptor.CheckFaultInterceptor.handleMessage(CheckFaultInterceptor.java:34)
	at org.apache.cxf.phase.PhaseInterceptorChain.doIntercept(PhaseInterceptorChain.java:272)
	at org.apache.cxf.endpoint.ClientImpl.onMessage(ClientImpl.java:845)
	at org.apache.cxf.transport.http.HTTPConduit$WrappedOutputStream.handleResponseInternal(HTTPConduit.java:1624)
	at org.apache.cxf.transport.http.HTTPConduit$WrappedOutputStream.handleResponse(HTTPConduit.java:1513)
	at org.apache.cxf.transport.http.HTTPConduit$WrappedOutputStream.close(HTTPConduit.java:1318)
	at org.apache.cxf.io.CacheAndWriteOutputStream.postClose(CacheAndWriteOutputStream.java:56)
	at org.apache.cxf.io.CachedOutputStream.close(CachedOutputStream.java:223)
	at org.apache.cxf.transport.AbstractConduit.close(AbstractConduit.java:56)
	at org.apache.cxf.transport.http.HTTPConduit.close(HTTPConduit.java:632)
	at org.apache.cxf.interceptor.MessageSenderInterceptor$MessageSenderEndingInterceptor.handleMessage(MessageSenderInterceptor.java:62)
	at org.apache.cxf.phase.PhaseInterceptorChain.doIntercept(PhaseInterceptorChain.java:272)
	at org.apache.cxf.endpoint.ClientImpl.doInvoke(ClientImpl.java:570)
	at org.apache.cxf.endpoint.ClientImpl.invoke(ClientImpl.java:479)
	at org.apache.cxf.endpoint.ClientImpl.invoke(ClientImpl.java:382)
	at org.apache.cxf.endpoint.ClientImpl.invoke(ClientImpl.java:335)
	at org.apache.cxf.frontend.ClientProxy.invokeSync(ClientProxy.java:96)
	at org.apache.cxf.jaxws.JaxWsClientProxy.invoke(JaxWsClientProxy.java:135)
	... 33 more
]]>
            </full-stacktrace>
          </exception> <!-- javax.xml.ws.soap.SOAPFaultException -->
          <reporter-output>
          </reporter-output>
        </test-method> <!-- basicTest -->
        <test-method status="PASS" signature="springTestContextAfterTestMethod(java.lang.reflect.Method)[pri:0, instance:com.example.tutorial.ws.integration.TutorialWebServiceTest@13d73f3]" name="springTestContextAfterTestMethod" is-config="true" duration-ms="1" started-at="2014-05-29T16:58:16Z" finished-at="2014-05-29T16:58:16Z">
          <params>
            <param index="0">
              <value>
                <![CDATA[public void com.example.tutorial.ws.integration.TutorialWebServiceTest.basicTest() throws java.net.URISyntaxException,org.wtf.interoperability.ws.vo.RequiredHeaderMissingFault,org.wtf.interoperability.ws.vo.SystemUnavailableFault]]>
              </value>
            </param>
          </params>
          <reporter-output>
          </reporter-output>
        </test-method> <!-- springTestContextAfterTestMethod -->
        <test-method status="PASS" signature="springTestContextBeforeTestMethod(java.lang.reflect.Method)[pri:0, instance:com.example.tutorial.ws.integration.TutorialWebServiceTest@13d73f3]" name="springTestContextBeforeTestMethod" is-config="true" duration-ms="0" started-at="2014-05-29T16:58:16Z" finished-at="2014-05-29T16:58:16Z">
          <params>
            <param index="0">
              <value>
                <![CDATA[public void com.example.tutorial.ws.integration.TutorialWebServiceTest.requiredHeaderMissingTest() throws org.wtf.interoperability.ws.vo.RequiredHeaderMissingFault,org.wtf.interoperability.ws.vo.SystemUnavailableFault,java.net.URISyntaxException]]>
              </value>
            </param>
          </params>
          <reporter-output>
          </reporter-output>
        </test-method> <!-- springTestContextBeforeTestMethod -->
        <test-method status="FAIL" signature="requiredHeaderMissingTest()[pri:0, instance:com.example.tutorial.ws.integration.TutorialWebServiceTest@13d73f3]" name="requiredHeaderMissingTest" duration-ms="63" started-at="2014-05-29T16:58:16Z" finished-at="2014-05-29T16:58:16Z">
          <exception class="org.testng.TestException">
            <message>
              <![CDATA[
Expected exception org.wtf.interoperability.ws.vo.RequiredHeaderMissingFault but got org.testng.TestException: 
Expected exception org.wtf.interoperability.ws.vo.RequiredHeaderMissingFault but got javax.xml.ws.soap.SOAPFaultException: The signature or decryption was invalid]]>
            </message>
            <full-stacktrace>
              <![CDATA[org.testng.TestException: 
Expected exception org.wtf.interoperability.ws.vo.RequiredHeaderMissingFault but got org.testng.TestException: 
Expected exception org.wtf.interoperability.ws.vo.RequiredHeaderMissingFault but got javax.xml.ws.soap.SOAPFaultException: The signature or decryption was invalid
	at org.testng.internal.Invoker.handleInvocationResults(Invoker.java:1497)
	at org.testng.internal.Invoker.invokeTestMethods(Invoker.java:1245)
	at org.testng.internal.TestMethodWorker.invokeTestMethods(TestMethodWorker.java:127)
	at org.testng.internal.TestMethodWorker.run(TestMethodWorker.java:111)
	at org.testng.TestRunner.privateRun(TestRunner.java:767)
	at org.testng.TestRunner.run(TestRunner.java:617)
	at org.testng.SuiteRunner.runTest(SuiteRunner.java:334)
	at org.testng.SuiteRunner.runSequentially(SuiteRunner.java:329)
	at org.testng.SuiteRunner.privateRun(SuiteRunner.java:291)
	at org.testng.SuiteRunner.run(SuiteRunner.java:240)
	at org.testng.SuiteRunnerWorker.runSuite(SuiteRunnerWorker.java:52)
	at org.testng.SuiteRunnerWorker.run(SuiteRunnerWorker.java:86)
	at org.testng.TestNG.runSuitesSequentially(TestNG.java:1224)
	at org.testng.TestNG.runSuitesLocally(TestNG.java:1149)
	at org.testng.TestNG.run(TestNG.java:1057)
	at org.testng.remote.RemoteTestNG.run(RemoteTestNG.java:111)
	at org.testng.remote.RemoteTestNG.initAndRun(RemoteTestNG.java:204)
	at org.testng.remote.RemoteTestNG.main(RemoteTestNG.java:175)
Caused by: org.testng.TestException: 
Expected exception org.wtf.interoperability.ws.vo.RequiredHeaderMissingFault but got javax.xml.ws.soap.SOAPFaultException: The signature or decryption was invalid
	at org.testng.internal.Invoker.handleInvocationResults(Invoker.java:1497)
	at org.testng.internal.Invoker.invokeMethod(Invoker.java:754)
	at org.testng.internal.Invoker.invokeTestMethod(Invoker.java:901)
	at org.testng.internal.Invoker.invokeTestMethods(Invoker.java:1231)
	... 16 more
Caused by: javax.xml.ws.soap.SOAPFaultException: The signature or decryption was invalid
	at org.apache.cxf.jaxws.JaxWsClientProxy.invoke(JaxWsClientProxy.java:157)
	at com.sun.proxy.$Proxy39.sendTutorialMessage(Unknown Source)
	at com.example.tutorial.ws.integration.TutorialWebServiceTest.requiredHeaderMissingTest(TutorialWebServiceTest.java:92)
	at sun.reflect.NativeMethodAccessorImpl.invoke0(Native Method)
	at sun.reflect.NativeMethodAccessorImpl.invoke(NativeMethodAccessorImpl.java:57)
	at sun.reflect.DelegatingMethodAccessorImpl.invoke(DelegatingMethodAccessorImpl.java:43)
	at java.lang.reflect.Method.invoke(Method.java:606)
	at org.testng.internal.MethodInvocationHelper.invokeMethod(MethodInvocationHelper.java:84)
	at org.testng.internal.MethodInvocationHelper$1.runTestMethod(MethodInvocationHelper.java:200)
	at org.springframework.test.context.testng.AbstractTestNGSpringContextTests.run(AbstractTestNGSpringContextTests.java:155)
	at sun.reflect.NativeMethodAccessorImpl.invoke0(Native Method)
	at sun.reflect.NativeMethodAccessorImpl.invoke(NativeMethodAccessorImpl.java:57)
	at sun.reflect.DelegatingMethodAccessorImpl.invoke(DelegatingMethodAccessorImpl.java:43)
	at java.lang.reflect.Method.invoke(Method.java:606)
	at org.testng.internal.MethodInvocationHelper.invokeHookable(MethodInvocationHelper.java:212)
	at org.testng.internal.Invoker.invokeMethod(Invoker.java:707)
	... 18 more
Caused by: org.apache.cxf.binding.soap.SoapFault: The signature or decryption was invalid
	at org.apache.cxf.binding.soap.interceptor.Soap11FaultInInterceptor.unmarshalFault(Soap11FaultInInterceptor.java:84)
	at org.apache.cxf.binding.soap.interceptor.Soap11FaultInInterceptor.handleMessage(Soap11FaultInInterceptor.java:51)
	at org.apache.cxf.binding.soap.interceptor.Soap11FaultInInterceptor.handleMessage(Soap11FaultInInterceptor.java:40)
	at org.apache.cxf.phase.PhaseInterceptorChain.doIntercept(PhaseInterceptorChain.java:272)
	at org.apache.cxf.interceptor.AbstractFaultChainInitiatorObserver.onMessage(AbstractFaultChainInitiatorObserver.java:113)
	at org.apache.cxf.binding.soap.interceptor.CheckFaultInterceptor.handleMessage(CheckFaultInterceptor.java:69)
	at org.apache.cxf.binding.soap.interceptor.CheckFaultInterceptor.handleMessage(CheckFaultInterceptor.java:34)
	at org.apache.cxf.phase.PhaseInterceptorChain.doIntercept(PhaseInterceptorChain.java:272)
	at org.apache.cxf.endpoint.ClientImpl.onMessage(ClientImpl.java:845)
	at org.apache.cxf.transport.http.HTTPConduit$WrappedOutputStream.handleResponseInternal(HTTPConduit.java:1624)
	at org.apache.cxf.transport.http.HTTPConduit$WrappedOutputStream.handleResponse(HTTPConduit.java:1513)
	at org.apache.cxf.transport.http.HTTPConduit$WrappedOutputStream.close(HTTPConduit.java:1318)
	at org.apache.cxf.io.CacheAndWriteOutputStream.postClose(CacheAndWriteOutputStream.java:56)
	at org.apache.cxf.io.CachedOutputStream.close(CachedOutputStream.java:223)
	at org.apache.cxf.transport.AbstractConduit.close(AbstractConduit.java:56)
	at org.apache.cxf.transport.http.HTTPConduit.close(HTTPConduit.java:632)
	at org.apache.cxf.interceptor.MessageSenderInterceptor$MessageSenderEndingInterceptor.handleMessage(MessageSenderInterceptor.java:62)
	at org.apache.cxf.phase.PhaseInterceptorChain.doIntercept(PhaseInterceptorChain.java:272)
	at org.apache.cxf.endpoint.ClientImpl.doInvoke(ClientImpl.java:570)
	at org.apache.cxf.endpoint.ClientImpl.invoke(ClientImpl.java:479)
	at org.apache.cxf.endpoint.ClientImpl.invoke(ClientImpl.java:382)
	at org.apache.cxf.endpoint.ClientImpl.invoke(ClientImpl.java:335)
	at org.apache.cxf.frontend.ClientProxy.invokeSync(ClientProxy.java:96)
	at org.apache.cxf.jaxws.JaxWsClientProxy.invoke(JaxWsClientProxy.java:135)
	... 33 more
]]>
            </full-stacktrace>
          </exception> <!-- org.testng.TestException -->
          <reporter-output>
          </reporter-output>
        </test-method> <!-- requiredHeaderMissingTest -->
        <test-method status="FAIL" signature="systemUnavailableTest()[pri:0, instance:com.example.tutorial.ws.integration.TutorialWebServiceTest@13d73f3]" name="systemUnavailableTest" duration-ms="55" started-at="2014-05-29T16:58:16Z" finished-at="2014-05-29T16:58:16Z">
          <exception class="org.testng.TestException">
            <message>
              <![CDATA[
Expected exception org.wtf.interoperability.ws.vo.SystemUnavailableFault but got org.testng.TestException: 
Expected exception org.wtf.interoperability.ws.vo.SystemUnavailableFault but got javax.xml.ws.soap.SOAPFaultException: The signature or decryption was invalid]]>
            </message>
            <full-stacktrace>
              <![CDATA[org.testng.TestException: 
Expected exception org.wtf.interoperability.ws.vo.SystemUnavailableFault but got org.testng.TestException: 
Expected exception org.wtf.interoperability.ws.vo.SystemUnavailableFault but got javax.xml.ws.soap.SOAPFaultException: The signature or decryption was invalid
	at org.testng.internal.Invoker.handleInvocationResults(Invoker.java:1497)
	at org.testng.internal.Invoker.invokeTestMethods(Invoker.java:1245)
	at org.testng.internal.TestMethodWorker.invokeTestMethods(TestMethodWorker.java:127)
	at org.testng.internal.TestMethodWorker.run(TestMethodWorker.java:111)
	at org.testng.TestRunner.privateRun(TestRunner.java:767)
	at org.testng.TestRunner.run(TestRunner.java:617)
	at org.testng.SuiteRunner.runTest(SuiteRunner.java:334)
	at org.testng.SuiteRunner.runSequentially(SuiteRunner.java:329)
	at org.testng.SuiteRunner.privateRun(SuiteRunner.java:291)
	at org.testng.SuiteRunner.run(SuiteRunner.java:240)
	at org.testng.SuiteRunnerWorker.runSuite(SuiteRunnerWorker.java:52)
	at org.testng.SuiteRunnerWorker.run(SuiteRunnerWorker.java:86)
	at org.testng.TestNG.runSuitesSequentially(TestNG.java:1224)
	at org.testng.TestNG.runSuitesLocally(TestNG.java:1149)
	at org.testng.TestNG.run(TestNG.java:1057)
	at org.testng.remote.RemoteTestNG.run(RemoteTestNG.java:111)
	at org.testng.remote.RemoteTestNG.initAndRun(RemoteTestNG.java:204)
	at org.testng.remote.RemoteTestNG.main(RemoteTestNG.java:175)
Caused by: org.testng.TestException: 
Expected exception org.wtf.interoperability.ws.vo.SystemUnavailableFault but got javax.xml.ws.soap.SOAPFaultException: The signature or decryption was invalid
	at org.testng.internal.Invoker.handleInvocationResults(Invoker.java:1497)
	at org.testng.internal.Invoker.invokeMethod(Invoker.java:754)
	at org.testng.internal.Invoker.invokeTestMethod(Invoker.java:901)
	at org.testng.internal.Invoker.invokeTestMethods(Invoker.java:1231)
	... 16 more
Caused by: javax.xml.ws.soap.SOAPFaultException: The signature or decryption was invalid
	at org.apache.cxf.jaxws.JaxWsClientProxy.invoke(JaxWsClientProxy.java:157)
	at com.sun.proxy.$Proxy39.sendTutorialMessage(Unknown Source)
	at com.example.tutorial.ws.integration.TutorialWebServiceTest.systemUnavailableTest(TutorialWebServiceTest.java:110)
	at sun.reflect.NativeMethodAccessorImpl.invoke0(Native Method)
	at sun.reflect.NativeMethodAccessorImpl.invoke(NativeMethodAccessorImpl.java:57)
	at sun.reflect.DelegatingMethodAccessorImpl.invoke(DelegatingMethodAccessorImpl.java:43)
	at java.lang.reflect.Method.invoke(Method.java:606)
	at org.testng.internal.MethodInvocationHelper.invokeMethod(MethodInvocationHelper.java:84)
	at org.testng.internal.MethodInvocationHelper$1.runTestMethod(MethodInvocationHelper.java:200)
	at org.springframework.test.context.testng.AbstractTestNGSpringContextTests.run(AbstractTestNGSpringContextTests.java:155)
	at sun.reflect.NativeMethodAccessorImpl.invoke0(Native Method)
	at sun.reflect.NativeMethodAccessorImpl.invoke(NativeMethodAccessorImpl.java:57)
	at sun.reflect.DelegatingMethodAccessorImpl.invoke(DelegatingMethodAccessorImpl.java:43)
	at java.lang.reflect.Method.invoke(Method.java:606)
	at org.testng.internal.MethodInvocationHelper.invokeHookable(MethodInvocationHelper.java:212)
	at org.testng.internal.Invoker.invokeMethod(Invoker.java:707)
	... 18 more
Caused by: org.apache.cxf.binding.soap.SoapFault: The signature or decryption was invalid
	at org.apache.cxf.binding.soap.interceptor.Soap11FaultInInterceptor.unmarshalFault(Soap11FaultInInterceptor.java:84)
	at org.apache.cxf.binding.soap.interceptor.Soap11FaultInInterceptor.handleMessage(Soap11FaultInInterceptor.java:51)
	at org.apache.cxf.binding.soap.interceptor.Soap11FaultInInterceptor.handleMessage(Soap11FaultInInterceptor.java:40)
	at org.apache.cxf.phase.PhaseInterceptorChain.doIntercept(PhaseInterceptorChain.java:272)
	at org.apache.cxf.interceptor.AbstractFaultChainInitiatorObserver.onMessage(AbstractFaultChainInitiatorObserver.java:113)
	at org.apache.cxf.binding.soap.interceptor.CheckFaultInterceptor.handleMessage(CheckFaultInterceptor.java:69)
	at org.apache.cxf.binding.soap.interceptor.CheckFaultInterceptor.handleMessage(CheckFaultInterceptor.java:34)
	at org.apache.cxf.phase.PhaseInterceptorChain.doIntercept(PhaseInterceptorChain.java:272)
	at org.apache.cxf.endpoint.ClientImpl.onMessage(ClientImpl.java:845)
	at org.apache.cxf.transport.http.HTTPConduit$WrappedOutputStream.handleResponseInternal(HTTPConduit.java:1624)
	at org.apache.cxf.transport.http.HTTPConduit$WrappedOutputStream.handleResponse(HTTPConduit.java:1513)
	at org.apache.cxf.transport.http.HTTPConduit$WrappedOutputStream.close(HTTPConduit.java:1318)
	at org.apache.cxf.io.CacheAndWriteOutputStream.postClose(CacheAndWriteOutputStream.java:56)
	at org.apache.cxf.io.CachedOutputStream.close(CachedOutputStream.java:223)
	at org.apache.cxf.transport.AbstractConduit.close(AbstractConduit.java:56)
	at org.apache.cxf.transport.http.HTTPConduit.close(HTTPConduit.java:632)
	at org.apache.cxf.interceptor.MessageSenderInterceptor$MessageSenderEndingInterceptor.handleMessage(MessageSenderInterceptor.java:62)
	at org.apache.cxf.phase.PhaseInterceptorChain.doIntercept(PhaseInterceptorChain.java:272)
	at org.apache.cxf.endpoint.ClientImpl.doInvoke(ClientImpl.java:570)
	at org.apache.cxf.endpoint.ClientImpl.invoke(ClientImpl.java:479)
	at org.apache.cxf.endpoint.ClientImpl.invoke(ClientImpl.java:382)
	at org.apache.cxf.endpoint.ClientImpl.invoke(ClientImpl.java:335)
	at org.apache.cxf.frontend.ClientProxy.invokeSync(ClientProxy.java:96)
	at org.apache.cxf.jaxws.JaxWsClientProxy.invoke(JaxWsClientProxy.java:135)
	... 33 more
]]>
            </full-stacktrace>
          </exception> <!-- org.testng.TestException -->
          <reporter-output>
          </reporter-output>
        </test-method> <!-- systemUnavailableTest -->
        <test-method status="PASS" signature="springTestContextAfterTestMethod(java.lang.reflect.Method)[pri:0, instance:com.example.tutorial.ws.integration.TutorialWebServiceTest@13d73f3]" name="springTestContextAfterTestMethod" is-config="true" duration-ms="0" started-at="2014-05-29T16:58:16Z" finished-at="2014-05-29T16:58:16Z">
          <params>
            <param index="0">
              <value>
                <![CDATA[public void com.example.tutorial.ws.integration.TutorialWebServiceTest.requiredHeaderMissingTest() throws org.wtf.interoperability.ws.vo.RequiredHeaderMissingFault,org.wtf.interoperability.ws.vo.SystemUnavailableFault,java.net.URISyntaxException]]>
              </value>
            </param>
          </params>
          <reporter-output>
          </reporter-output>
        </test-method> <!-- springTestContextAfterTestMethod -->
        <test-method status="PASS" signature="springTestContextBeforeTestMethod(java.lang.reflect.Method)[pri:0, instance:com.example.tutorial.ws.integration.TutorialWebServiceTest@13d73f3]" name="springTestContextBeforeTestMethod" is-config="true" duration-ms="0" started-at="2014-05-29T16:58:16Z" finished-at="2014-05-29T16:58:16Z">
          <params>
            <param index="0">
              <value>
                <![CDATA[public void com.example.tutorial.ws.integration.TutorialWebServiceTest.systemUnavailableTest() throws java.net.URISyntaxException,org.wtf.interoperability.ws.vo.RequiredHeaderMissingFault,org.wtf.interoperability.ws.vo.SystemUnavailableFault]]>
              </value>
            </param>
          </params>
          <reporter-output>
          </reporter-output>
        </test-method> <!-- springTestContextBeforeTestMethod -->
        <test-method status="PASS" signature="springTestContextAfterTestMethod(java.lang.reflect.Method)[pri:0, instance:com.example.tutorial.ws.integration.TutorialWebServiceTest@13d73f3]" name="springTestContextAfterTestMethod" is-config="true" duration-ms="0" started-at="2014-05-29T16:58:16Z" finished-at="2014-05-29T16:58:16Z">
          <params>
            <param index="0">
              <value>
                <![CDATA[public void com.example.tutorial.ws.integration.TutorialWebServiceTest.systemUnavailableTest() throws java.net.URISyntaxException,org.wtf.interoperability.ws.vo.RequiredHeaderMissingFault,org.wtf.interoperability.ws.vo.SystemUnavailableFault]]>
              </value>
            </param>
          </params>
          <reporter-output>
          </reporter-output>
        </test-method> <!-- springTestContextAfterTestMethod -->
        <test-method status="PASS" signature="springTestContextAfterTestClass()[pri:0, instance:com.example.tutorial.ws.integration.TutorialWebServiceTest@13d73f3]" name="springTestContextAfterTestClass" is-config="true" duration-ms="0" started-at="2014-05-29T16:58:16Z" finished-at="2014-05-29T16:58:16Z">
          <reporter-output>
          </reporter-output>
        </test-method> <!-- springTestContextAfterTestClass -->
      </class> <!-- com.example.tutorial.ws.integration.TutorialWebServiceTest -->
    </test> <!-- Default test -->
  </suite> <!-- Default suite -->
</testng-results>
