<?xml version="1.0" encoding="UTF-8"?>
<testng-results skipped="0" failed="0" total="1" passed="1">
  <reporter-output>
  </reporter-output>
  <suite name="Default suite" duration-ms="6935" started-at="2014-06-06T19:48:33Z" finished-at="2014-06-06T19:48:39Z">
    <groups>
      <group name="remote-integration">
        <method signature="CardFraudulentServiceTest.basicTest()[pri:0, instance:com.aes.service.accounts.integration.CardFraudulentServiceTest@176dad5]" name="basicTest" class="com.aes.service.accounts.integration.CardFraudulentServiceTest"/>
      </group> <!-- remote-integration -->
    </groups>
    <test name="Default test" duration-ms="6935" started-at="2014-06-06T19:48:33Z" finished-at="2014-06-06T19:48:39Z">
      <class name="com.aes.service.accounts.integration.CardFraudulentServiceTest">
        <test-method status="PASS" signature="springTestContextBeforeTestClass()[pri:0, instance:com.aes.service.accounts.integration.CardFraudulentServiceTest@176dad5]" name="springTestContextBeforeTestClass" is-config="true" duration-ms="5" started-at="2014-06-06T14:48:33Z" finished-at="2014-06-06T14:48:33Z">
          <reporter-output>
          </reporter-output>
        </test-method> <!-- springTestContextBeforeTestClass -->
        <test-method status="PASS" signature="springTestContextPrepareTestInstance()[pri:0, instance:com.aes.service.accounts.integration.CardFraudulentServiceTest@176dad5]" name="springTestContextPrepareTestInstance" is-config="true" duration-ms="1570" started-at="2014-06-06T14:48:33Z" depends-on-methods="org.springframework.test.context.testng.AbstractTestNGSpringContextTests.springTestContextBeforeTestClass" finished-at="2014-06-06T14:48:34Z">
          <reporter-output>
          </reporter-output>
        </test-method> <!-- springTestContextPrepareTestInstance -->
        <test-method status="PASS" signature="basicTest()[pri:0, instance:com.aes.service.accounts.integration.CardFraudulentServiceTest@176dad5]" name="basicTest" duration-ms="5344" started-at="2014-06-06T14:48:34Z" finished-at="2014-06-06T14:48:39Z">
          <reporter-output>
          </reporter-output>
        </test-method> <!-- basicTest -->
        <test-method status="PASS" signature="springTestContextBeforeTestMethod(java.lang.reflect.Method)[pri:0, instance:com.aes.service.accounts.integration.CardFraudulentServiceTest@176dad5]" name="springTestContextBeforeTestMethod" is-config="true" duration-ms="0" started-at="2014-06-06T14:48:34Z" finished-at="2014-06-06T14:48:34Z">
          <params>
            <param index="0">
              <value>
                <![CDATA[public void com.aes.service.accounts.integration.CardFraudulentServiceTest.basicTest()]]>
              </value>
            </param>
          </params>
          <reporter-output>
          </reporter-output>
        </test-method> <!-- springTestContextBeforeTestMethod -->
        <test-method status="PASS" signature="springTestContextAfterTestMethod(java.lang.reflect.Method)[pri:0, instance:com.aes.service.accounts.integration.CardFraudulentServiceTest@176dad5]" name="springTestContextAfterTestMethod" is-config="true" duration-ms="7" started-at="2014-06-06T14:48:39Z" finished-at="2014-06-06T14:48:39Z">
          <params>
            <param index="0">
              <value>
                <![CDATA[public void com.aes.service.accounts.integration.CardFraudulentServiceTest.basicTest()]]>
              </value>
            </param>
          </params>
          <reporter-output>
          </reporter-output>
        </test-method> <!-- springTestContextAfterTestMethod -->
        <test-method status="PASS" signature="springTestContextAfterTestClass()[pri:0, instance:com.aes.service.accounts.integration.CardFraudulentServiceTest@176dad5]" name="springTestContextAfterTestClass" is-config="true" duration-ms="0" started-at="2014-06-06T14:48:39Z" finished-at="2014-06-06T14:48:39Z">
          <reporter-output>
          </reporter-output>
        </test-method> <!-- springTestContextAfterTestClass -->
      </class> <!-- com.aes.service.accounts.integration.CardFraudulentServiceTest -->
    </test> <!-- Default test -->
  </suite> <!-- Default suite -->
</testng-results>
